{"level":30,"time":1617741851604,"msg":"Logger started","level":DEBUG}
{"level":30,"time":1617741851604,"msg":"Starting App [tide-crud-users v0.4.2]:"}
{"level":30,"time":1617741851606,"msg":"Server listening on http://127.0.0.1:8001"}
{"level":30,"time":1617741874764,"msg":"<-- Request received","method":GET,"path":/users}
{"level":40,"time":1617741874764,"msg":"Client error --> Response sent","method":GET,"path":/users,"status":404 - Not Found,"duration":15.542µs}
{"level":30,"time":1617741967135,"msg":"<-- Request received","method":GET,"path":/api/users}
{"level":40,"time":1617741967136,"msg":"Client error --> Response sent","method":GET,"path":/api/users,"status":405 - Method Not Allowed,"duration":16.098µs}
{"level":30,"time":1617742071012,"msg":"<-- Request received","method":POST,"path":/api/users}
{"level":40,"time":1617742071012,"msg":"Not found: users"}
{"level":40,"time":1617742071012,"msg":"Client error --> Response sent","method":POST,"path":/api/users,"status":404 - Not Found,"duration":32.029µs}
{"level":30,"time":1617742104636,"msg":"<-- Request received","method":POST,"path":/api/show_users}
{"level":30,"time":1617742104636,"msg":"Endpoint found: show_users"}
{"level":30,"time":1617742104636,"msg":"Found [2] users!"}
{"level":30,"time":1617742104636,"msg":"--> Response sent","method":POST,"path":/api/show_users,"status":200 - OK,"duration":218.163µs}
{"level":30,"time":1617742104645,"msg":"<-- Request received","method":POST,"path":/api/show_departments}
{"level":30,"time":1617742104645,"msg":"Endpoint found: show_departments"}
{"level":30,"time":1617742104645,"msg":"Found [2] departments!"}
{"level":30,"time":1617742104645,"msg":"--> Response sent","method":POST,"path":/api/show_departments,"status":200 - OK,"duration":205.414µs}
{"level":30,"time":1617742104729,"msg":"<-- Request received","method":POST,"path":/api/show_permissions}
{"level":30,"time":1617742104729,"msg":"Endpoint found: show_permissions"}
{"level":30,"time":1617742104729,"msg":"Found [2] permissions!"}
{"level":30,"time":1617742104729,"msg":"--> Response sent","method":POST,"path":/api/show_permissions,"status":200 - OK,"duration":220.426µs}
{"level":30,"time":1617742104748,"msg":"<-- Request received","method":POST,"path":/api/show_statuses}
{"level":30,"time":1617742104748,"msg":"Endpoint found: show_statuses"}
{"level":30,"time":1617742104748,"msg":"Found [2] statuses!"}
{"level":30,"time":1617742104748,"msg":"--> Response sent","method":POST,"path":/api/show_statuses,"status":200 - OK,"duration":203.622µs}
{"level":30,"time":1617742230611,"msg":"Logger started","level":DEBUG}
{"level":30,"time":1617742230611,"msg":"Starting App [tide-crud-users v0.4.2]:"}
{"level":30,"time":1617742230612,"msg":"Server listening on http://127.0.0.1:8001"}
{"level":30,"time":1617742238801,"msg":"<-- Request received","method":POST,"path":/api/show_users}
{"level":30,"time":1617742238801,"msg":"Endpoint found: show_users"}
{"level":30,"time":1617742238801,"msg":"Found [2] users!"}
{"level":30,"time":1617742238801,"msg":"--> Response sent","method":POST,"path":/api/show_users,"status":200 - OK,"duration":224.6µs}
{"level":30,"time":1617742238825,"msg":"<-- Request received","method":POST,"path":/api/show_departments}
{"level":30,"time":1617742238825,"msg":"Endpoint found: show_departments"}
{"level":30,"time":1617742238825,"msg":"Found [2] departments!"}
{"level":30,"time":1617742238825,"msg":"--> Response sent","method":POST,"path":/api/show_departments,"status":200 - OK,"duration":224.262µs}
{"level":30,"time":1617742238839,"msg":"<-- Request received","method":POST,"path":/api/show_permissions}
{"level":30,"time":1617742238839,"msg":"Endpoint found: show_permissions"}
{"level":30,"time":1617742238840,"msg":"Found [2] permissions!"}
{"level":30,"time":1617742238840,"msg":"--> Response sent","method":POST,"path":/api/show_permissions,"status":200 - OK,"duration":220.026µs}
{"level":30,"time":1617742238849,"msg":"<-- Request received","method":POST,"path":/api/show_statuses}
{"level":30,"time":1617742238849,"msg":"Endpoint found: show_statuses"}
{"level":30,"time":1617742238849,"msg":"Found [2] statuses!"}
{"level":30,"time":1617742238849,"msg":"--> Response sent","method":POST,"path":/api/show_statuses,"status":200 - OK,"duration":209.917µs}
{"level":30,"time":1617742295348,"msg":"<-- Request received","method":POST,"path":/api/show_users}
{"level":30,"time":1617742295348,"msg":"Endpoint found: show_users"}
{"level":30,"time":1617742295349,"msg":"Found [3] users!"}
{"level":30,"time":1617742295349,"msg":"--> Response sent","method":POST,"path":/api/show_users,"status":200 - OK,"duration":222.734µs}
